[5.757s] DEBUG:colcon:Command line arguments: ['/usr/bin/colcon', 'build', '--packages-select', 'turtlebot3_project3']
[5.757s] DEBUG:colcon:Parsed command line arguments: Namespace(allow_overriding=[], ament_cmake_args=None, base_paths=['.'], build_base='build', catkin_cmake_args=None, catkin_skip_building_tests=False, cmake_args=None, cmake_clean_cache=False, cmake_clean_first=False, cmake_force_configure=False, cmake_target=None, cmake_target_skip_unavailable=False, continue_on_error=False, event_handlers=None, executor='parallel', ignore_user_meta=False, install_base='install', log_base=None, log_level=None, main=<bound method BuildVerb.main of <colcon_core.verb.build.BuildVerb object at 0x7fef5eacbc10>>, merge_install=False, metas=['./colcon.meta'], packages_above=None, packages_above_and_dependencies=None, packages_above_depth=None, packages_end=None, packages_ignore=None, packages_ignore_regex=None, packages_select=['turtlebot3_project3'], packages_select_build_failed=False, packages_select_by_dep=None, packages_select_regex=None, packages_select_test_failures=False, packages_skip=None, packages_skip_build_finished=False, packages_skip_by_dep=None, packages_skip_regex=None, packages_skip_test_passed=False, packages_skip_up_to=None, packages_start=None, packages_up_to=None, packages_up_to_regex=None, parallel_workers=20, paths=None, symlink_install=False, test_result_base=None, verb_extension=<colcon_core.verb.build.BuildVerb object at 0x7fef5eacbc10>, verb_name='build', verb_parser=<colcon_defaults.argument_parser.defaults.DefaultArgumentsDecorator object at 0x7fef5eadba00>)
[5.995s] Level 1:colcon.colcon_core.package_discovery:discover_packages(colcon_meta) check parameters
[5.995s] Level 1:colcon.colcon_core.package_discovery:discover_packages(recursive) check parameters
[5.995s] Level 1:colcon.colcon_core.package_discovery:discover_packages(ignore) check parameters
[5.996s] Level 1:colcon.colcon_core.package_discovery:discover_packages(path) check parameters
[5.996s] Level 1:colcon.colcon_core.package_discovery:discover_packages(colcon_meta) discover
[5.996s] Level 1:colcon.colcon_core.package_discovery:discover_packages(recursive) discover
[5.996s] INFO:colcon.colcon_core.package_discovery:Crawling recursively for packages in '/home/nazrin/proj3ph2/part_2'
[5.996s] Level 1:colcon.colcon_core.package_identification:_identify(.) by extensions ['ignore', 'ignore_ament_install']
[5.996s] Level 1:colcon.colcon_core.package_identification:_identify(.) by extension 'ignore'
[5.996s] Level 1:colcon.colcon_core.package_identification:_identify(.) by extension 'ignore_ament_install'
[5.996s] Level 1:colcon.colcon_core.package_identification:_identify(.) by extensions ['colcon_pkg']
[5.996s] Level 1:colcon.colcon_core.package_identification:_identify(.) by extension 'colcon_pkg'
[5.996s] Level 1:colcon.colcon_core.package_identification:_identify(.) by extensions ['colcon_meta']
[5.996s] Level 1:colcon.colcon_core.package_identification:_identify(.) by extension 'colcon_meta'
[5.996s] Level 1:colcon.colcon_core.package_identification:_identify(.) by extensions ['ros']
[5.996s] Level 1:colcon.colcon_core.package_identification:_identify(.) by extension 'ros'
[6.009s] Level 1:colcon.colcon_core.package_identification:_identify(.) by extensions ['cmake', 'python']
[6.009s] Level 1:colcon.colcon_core.package_identification:_identify(.) by extension 'cmake'
[6.009s] Level 1:colcon.colcon_core.package_identification:_identify(.) by extension 'python'
[6.009s] Level 1:colcon.colcon_core.package_identification:_identify(.) by extensions ['python_setup_py']
[6.009s] Level 1:colcon.colcon_core.package_identification:_identify(.) by extension 'python_setup_py'
[6.010s] Level 1:colcon.colcon_core.package_identification:_identify(build) by extensions ['ignore', 'ignore_ament_install']
[6.010s] Level 1:colcon.colcon_core.package_identification:_identify(build) by extension 'ignore'
[6.010s] Level 1:colcon.colcon_core.package_identification:_identify(build) ignored
[6.010s] Level 1:colcon.colcon_core.package_identification:_identify(install) by extensions ['ignore', 'ignore_ament_install']
[6.010s] Level 1:colcon.colcon_core.package_identification:_identify(install) by extension 'ignore'
[6.010s] Level 1:colcon.colcon_core.package_identification:_identify(install) ignored
[6.010s] Level 1:colcon.colcon_core.package_identification:_identify(log) by extensions ['ignore', 'ignore_ament_install']
[6.010s] Level 1:colcon.colcon_core.package_identification:_identify(log) by extension 'ignore'
[6.010s] Level 1:colcon.colcon_core.package_identification:_identify(log) ignored
[6.010s] Level 1:colcon.colcon_core.package_identification:_identify(turtlebot3_project3) by extensions ['ignore', 'ignore_ament_install']
[6.010s] Level 1:colcon.colcon_core.package_identification:_identify(turtlebot3_project3) by extension 'ignore'
[6.011s] Level 1:colcon.colcon_core.package_identification:_identify(turtlebot3_project3) by extension 'ignore_ament_install'
[6.011s] Level 1:colcon.colcon_core.package_identification:_identify(turtlebot3_project3) by extensions ['colcon_pkg']
[6.011s] Level 1:colcon.colcon_core.package_identification:_identify(turtlebot3_project3) by extension 'colcon_pkg'
[6.011s] Level 1:colcon.colcon_core.package_identification:_identify(turtlebot3_project3) by extensions ['colcon_meta']
[6.011s] Level 1:colcon.colcon_core.package_identification:_identify(turtlebot3_project3) by extension 'colcon_meta'
[6.011s] Level 1:colcon.colcon_core.package_identification:_identify(turtlebot3_project3) by extensions ['ros']
[6.011s] Level 1:colcon.colcon_core.package_identification:_identify(turtlebot3_project3) by extension 'ros'
[6.015s] DEBUG:colcon.colcon_core.package_identification:Package 'turtlebot3_project3' with type 'ros.ament_cmake' and name 'turtlebot3_project3'
[6.015s] Level 1:colcon.colcon_core.package_discovery:discover_packages(recursive) using defaults
[6.015s] Level 1:colcon.colcon_core.package_discovery:discover_packages(ignore) discover
[6.015s] Level 1:colcon.colcon_core.package_discovery:discover_packages(ignore) using defaults
[6.015s] Level 1:colcon.colcon_core.package_discovery:discover_packages(path) discover
[6.015s] Level 1:colcon.colcon_core.package_discovery:discover_packages(path) using defaults
[6.499s] Level 1:colcon.colcon_core.package_discovery:discover_packages(prefix_path) check parameters
[6.499s] Level 1:colcon.colcon_core.package_discovery:discover_packages(prefix_path) discover
[6.608s] WARNING:colcon.colcon_ros.prefix_path.catkin:The path '/opt/ros/noetic' in the environment variable CMAKE_PREFIX_PATH doesn't exist
[6.710s] DEBUG:colcon.colcon_installed_package_information.package_discovery:Found 1 installed packages in /home/nazrin/proj3ph2/part_2/install
[6.816s] DEBUG:colcon.colcon_installed_package_information.package_discovery:Found 330 installed packages in /opt/ros/galactic
[6.817s] Level 1:colcon.colcon_core.package_discovery:discover_packages(prefix_path) using defaults
[7.086s] Level 5:colcon.colcon_core.verb:set package 'turtlebot3_project3' build argument 'cmake_args' from command line to 'None'
[7.087s] Level 5:colcon.colcon_core.verb:set package 'turtlebot3_project3' build argument 'cmake_target' from command line to 'None'
[7.087s] Level 5:colcon.colcon_core.verb:set package 'turtlebot3_project3' build argument 'cmake_target_skip_unavailable' from command line to 'False'
[7.087s] Level 5:colcon.colcon_core.verb:set package 'turtlebot3_project3' build argument 'cmake_clean_cache' from command line to 'False'
[7.087s] Level 5:colcon.colcon_core.verb:set package 'turtlebot3_project3' build argument 'cmake_clean_first' from command line to 'False'
[7.087s] Level 5:colcon.colcon_core.verb:set package 'turtlebot3_project3' build argument 'cmake_force_configure' from command line to 'False'
[7.087s] Level 5:colcon.colcon_core.verb:set package 'turtlebot3_project3' build argument 'ament_cmake_args' from command line to 'None'
[7.087s] Level 5:colcon.colcon_core.verb:set package 'turtlebot3_project3' build argument 'catkin_cmake_args' from command line to 'None'
[7.087s] Level 5:colcon.colcon_core.verb:set package 'turtlebot3_project3' build argument 'catkin_skip_building_tests' from command line to 'False'
[7.087s] DEBUG:colcon.colcon_core.verb:Building package 'turtlebot3_project3' with the following arguments: {'ament_cmake_args': None, 'build_base': '/home/nazrin/proj3ph2/part_2/build/turtlebot3_project3', 'catkin_cmake_args': None, 'catkin_skip_building_tests': False, 'cmake_args': None, 'cmake_clean_cache': False, 'cmake_clean_first': False, 'cmake_force_configure': False, 'cmake_target': None, 'cmake_target_skip_unavailable': False, 'install_base': '/home/nazrin/proj3ph2/part_2/install/turtlebot3_project3', 'merge_install': False, 'path': '/home/nazrin/proj3ph2/part_2/turtlebot3_project3', 'symlink_install': False, 'test_result_base': None}
[7.190s] INFO:colcon.colcon_core.executor:Executing jobs using 'parallel' executor
[7.313s] DEBUG:colcon.colcon_parallel_executor.executor.parallel:run_until_complete
[7.314s] INFO:colcon.colcon_ros.task.ament_cmake.build:Building ROS package in '/home/nazrin/proj3ph2/part_2/turtlebot3_project3' with build type 'ament_cmake'
[7.314s] INFO:colcon.colcon_cmake.task.cmake.build:Building CMake package in '/home/nazrin/proj3ph2/part_2/turtlebot3_project3'
[7.412s] INFO:colcon.colcon_core.plugin_system:Skipping extension 'colcon_core.shell.bat': Not used on non-Windows systems
[7.413s] INFO:colcon.colcon_core.shell:Skip shell extension 'powershell' for command environment: Not usable outside of PowerShell
[7.413s] DEBUG:colcon.colcon_core.shell:Skip shell extension 'dsv' for command environment
[7.786s] DEBUG:colcon.colcon_core.event_handler.log_command:Invoking command in '/home/nazrin/proj3ph2/part_2/build/turtlebot3_project3': CMAKE_PREFIX_PATH=${CMAKE_PREFIX_PATH}:/opt/ros/galactic WSLENV=ELECTRON_RUN_AS_NODE/w: /usr/bin/cmake --build /home/nazrin/proj3ph2/part_2/build/turtlebot3_project3 -- -j20 -l20
[7.874s] DEBUG:colcon.colcon_core.event_handler.log_command:Invoked command in '/home/nazrin/proj3ph2/part_2/build/turtlebot3_project3' returned '0': CMAKE_PREFIX_PATH=${CMAKE_PREFIX_PATH}:/opt/ros/galactic WSLENV=ELECTRON_RUN_AS_NODE/w: /usr/bin/cmake --build /home/nazrin/proj3ph2/part_2/build/turtlebot3_project3 -- -j20 -l20
[7.916s] DEBUG:colcon.colcon_core.event_handler.log_command:Invoking command in '/home/nazrin/proj3ph2/part_2/build/turtlebot3_project3': CMAKE_PREFIX_PATH=${CMAKE_PREFIX_PATH}:/opt/ros/galactic WSLENV=ELECTRON_RUN_AS_NODE/w: /usr/bin/cmake --install /home/nazrin/proj3ph2/part_2/build/turtlebot3_project3
[7.939s] Level 1:colcon.colcon_core.environment:create_environment_scripts_only(turtlebot3_project3)
[7.939s] DEBUG:colcon.colcon_core.event_handler.log_command:Invoked command in '/home/nazrin/proj3ph2/part_2/build/turtlebot3_project3' returned '0': CMAKE_PREFIX_PATH=${CMAKE_PREFIX_PATH}:/opt/ros/galactic WSLENV=ELECTRON_RUN_AS_NODE/w: /usr/bin/cmake --install /home/nazrin/proj3ph2/part_2/build/turtlebot3_project3
[8.035s] Level 1:colcon.colcon_core.environment:checking '/home/nazrin/proj3ph2/part_2/install/turtlebot3_project3' for CMake module files
[8.036s] Level 1:colcon.colcon_core.environment:checking '/home/nazrin/proj3ph2/part_2/install/turtlebot3_project3' for CMake config files
[8.037s] Level 1:colcon.colcon_core.shell:create_environment_hook('turtlebot3_project3', 'cmake_prefix_path')
[8.140s] INFO:colcon.colcon_core.shell:Creating environment hook '/home/nazrin/proj3ph2/part_2/install/turtlebot3_project3/share/turtlebot3_project3/hook/cmake_prefix_path.ps1'
[8.142s] INFO:colcon.colcon_core.shell:Creating environment descriptor '/home/nazrin/proj3ph2/part_2/install/turtlebot3_project3/share/turtlebot3_project3/hook/cmake_prefix_path.dsv'
[8.143s] INFO:colcon.colcon_core.shell:Creating environment hook '/home/nazrin/proj3ph2/part_2/install/turtlebot3_project3/share/turtlebot3_project3/hook/cmake_prefix_path.sh'
[8.144s] Level 1:colcon.colcon_core.environment:checking '/home/nazrin/proj3ph2/part_2/install/turtlebot3_project3/lib'
[8.144s] Level 1:colcon.colcon_core.environment:checking '/home/nazrin/proj3ph2/part_2/install/turtlebot3_project3/bin'
[8.144s] Level 1:colcon.colcon_core.environment:checking '/home/nazrin/proj3ph2/part_2/install/turtlebot3_project3/lib/pkgconfig/turtlebot3_project3.pc'
[8.144s] Level 1:colcon.colcon_core.environment:checking '/home/nazrin/proj3ph2/part_2/install/turtlebot3_project3/lib/python3.8/site-packages'
[8.145s] Level 1:colcon.colcon_core.environment:checking '/home/nazrin/proj3ph2/part_2/install/turtlebot3_project3/bin'
[8.254s] INFO:colcon.colcon_core.shell:Creating package script '/home/nazrin/proj3ph2/part_2/install/turtlebot3_project3/share/turtlebot3_project3/package.ps1'
[8.255s] INFO:colcon.colcon_core.shell:Creating package descriptor '/home/nazrin/proj3ph2/part_2/install/turtlebot3_project3/share/turtlebot3_project3/package.dsv'
[8.256s] INFO:colcon.colcon_core.shell:Creating package script '/home/nazrin/proj3ph2/part_2/install/turtlebot3_project3/share/turtlebot3_project3/package.sh'
[8.257s] INFO:colcon.colcon_core.shell:Creating package script '/home/nazrin/proj3ph2/part_2/install/turtlebot3_project3/share/turtlebot3_project3/package.bash'
[8.257s] INFO:colcon.colcon_core.shell:Creating package script '/home/nazrin/proj3ph2/part_2/install/turtlebot3_project3/share/turtlebot3_project3/package.zsh'
[8.258s] Level 1:colcon.colcon_core.environment:create_file_with_runtime_dependencies(/home/nazrin/proj3ph2/part_2/install/turtlebot3_project3/share/colcon-core/packages/turtlebot3_project3)
[8.403s] Level 1:colcon.colcon_core.environment:create_environment_scripts_only(turtlebot3_project3)
[8.503s] Level 1:colcon.colcon_core.environment:checking '/home/nazrin/proj3ph2/part_2/install/turtlebot3_project3' for CMake module files
[8.504s] Level 1:colcon.colcon_core.environment:checking '/home/nazrin/proj3ph2/part_2/install/turtlebot3_project3' for CMake config files
[8.504s] Level 1:colcon.colcon_core.shell:create_environment_hook('turtlebot3_project3', 'cmake_prefix_path')
[8.609s] INFO:colcon.colcon_core.shell:Creating environment hook '/home/nazrin/proj3ph2/part_2/install/turtlebot3_project3/share/turtlebot3_project3/hook/cmake_prefix_path.ps1'
[8.610s] INFO:colcon.colcon_core.shell:Creating environment descriptor '/home/nazrin/proj3ph2/part_2/install/turtlebot3_project3/share/turtlebot3_project3/hook/cmake_prefix_path.dsv'
[8.611s] INFO:colcon.colcon_core.shell:Creating environment hook '/home/nazrin/proj3ph2/part_2/install/turtlebot3_project3/share/turtlebot3_project3/hook/cmake_prefix_path.sh'
[8.612s] Level 1:colcon.colcon_core.environment:checking '/home/nazrin/proj3ph2/part_2/install/turtlebot3_project3/lib'
[8.612s] Level 1:colcon.colcon_core.environment:checking '/home/nazrin/proj3ph2/part_2/install/turtlebot3_project3/bin'
[8.612s] Level 1:colcon.colcon_core.environment:checking '/home/nazrin/proj3ph2/part_2/install/turtlebot3_project3/lib/pkgconfig/turtlebot3_project3.pc'
[8.612s] Level 1:colcon.colcon_core.environment:checking '/home/nazrin/proj3ph2/part_2/install/turtlebot3_project3/lib/python3.8/site-packages'
[8.612s] Level 1:colcon.colcon_core.environment:checking '/home/nazrin/proj3ph2/part_2/install/turtlebot3_project3/bin'
[8.731s] INFO:colcon.colcon_core.shell:Creating package script '/home/nazrin/proj3ph2/part_2/install/turtlebot3_project3/share/turtlebot3_project3/package.ps1'
[8.732s] INFO:colcon.colcon_core.shell:Creating package descriptor '/home/nazrin/proj3ph2/part_2/install/turtlebot3_project3/share/turtlebot3_project3/package.dsv'
[8.733s] INFO:colcon.colcon_core.shell:Creating package script '/home/nazrin/proj3ph2/part_2/install/turtlebot3_project3/share/turtlebot3_project3/package.sh'
[8.733s] INFO:colcon.colcon_core.shell:Creating package script '/home/nazrin/proj3ph2/part_2/install/turtlebot3_project3/share/turtlebot3_project3/package.bash'
[8.734s] INFO:colcon.colcon_core.shell:Creating package script '/home/nazrin/proj3ph2/part_2/install/turtlebot3_project3/share/turtlebot3_project3/package.zsh'
[8.734s] Level 1:colcon.colcon_core.environment:create_file_with_runtime_dependencies(/home/nazrin/proj3ph2/part_2/install/turtlebot3_project3/share/colcon-core/packages/turtlebot3_project3)
[8.734s] DEBUG:colcon.colcon_parallel_executor.executor.parallel:closing loop
[8.735s] DEBUG:colcon.colcon_parallel_executor.executor.parallel:loop closed
[8.735s] DEBUG:colcon.colcon_parallel_executor.executor.parallel:run_until_complete finished with '0'
[8.736s] DEBUG:colcon.colcon_core.event_reactor:joining thread
[8.908s] INFO:colcon.colcon_core.plugin_system:Skipping extension 'colcon_notification.desktop_notification.notify_send': Could not find 'notify-send'
[8.908s] INFO:colcon.colcon_core.plugin_system:Skipping extension 'colcon_notification.desktop_notification.terminal_notifier': Not used on non-Darwin systems
[8.908s] INFO:colcon.colcon_core.plugin_system:Skipping extension 'colcon_notification.desktop_notification.win32': Not used on non-Windows systems
[8.908s] INFO:colcon.colcon_notification.desktop_notification:Sending desktop notification using 'notify2'
[8.910s] DEBUG:colcon.colcon_notification.desktop_notification.notify2:Failed to initialize notify2: org.freedesktop.DBus.Error.ServiceUnknown: The name org.freedesktop.Notifications was not provided by any .service files
[8.911s] DEBUG:colcon.colcon_core.event_reactor:joined thread
[9.039s] INFO:colcon.colcon_core.shell:Creating prefix script '/home/nazrin/proj3ph2/part_2/install/local_setup.ps1'
[9.042s] INFO:colcon.colcon_core.shell:Creating prefix util module '/home/nazrin/proj3ph2/part_2/install/_local_setup_util_ps1.py'
[9.047s] INFO:colcon.colcon_core.shell:Creating prefix chain script '/home/nazrin/proj3ph2/part_2/install/setup.ps1'
[9.148s] INFO:colcon.colcon_core.shell:Creating prefix script '/home/nazrin/proj3ph2/part_2/install/local_setup.sh'
[9.149s] INFO:colcon.colcon_core.shell:Creating prefix util module '/home/nazrin/proj3ph2/part_2/install/_local_setup_util_sh.py'
[9.149s] INFO:colcon.colcon_core.shell:Creating prefix chain script '/home/nazrin/proj3ph2/part_2/install/setup.sh'
[9.243s] INFO:colcon.colcon_core.shell:Creating prefix script '/home/nazrin/proj3ph2/part_2/install/local_setup.bash'
[9.244s] INFO:colcon.colcon_core.shell:Creating prefix chain script '/home/nazrin/proj3ph2/part_2/install/setup.bash'
[9.350s] INFO:colcon.colcon_core.shell:Creating prefix script '/home/nazrin/proj3ph2/part_2/install/local_setup.zsh'
[9.351s] INFO:colcon.colcon_core.shell:Creating prefix chain script '/home/nazrin/proj3ph2/part_2/install/setup.zsh'
