[8.459s] DEBUG:colcon:Command line arguments: ['/usr/bin/colcon', 'build', '--packages-select', 'turtlebot3_project3']
[8.459s] DEBUG:colcon:Parsed command line arguments: Namespace(allow_overriding=[], ament_cmake_args=None, base_paths=['.'], build_base='build', catkin_cmake_args=None, catkin_skip_building_tests=False, cmake_args=None, cmake_clean_cache=False, cmake_clean_first=False, cmake_force_configure=False, cmake_target=None, cmake_target_skip_unavailable=False, continue_on_error=False, event_handlers=None, executor='parallel', ignore_user_meta=False, install_base='install', log_base=None, log_level=None, main=<bound method BuildVerb.main of <colcon_core.verb.build.BuildVerb object at 0x7f7bbfe739a0>>, merge_install=False, metas=['./colcon.meta'], packages_above=None, packages_above_and_dependencies=None, packages_above_depth=None, packages_end=None, packages_ignore=None, packages_ignore_regex=None, packages_select=['turtlebot3_project3'], packages_select_build_failed=False, packages_select_by_dep=None, packages_select_regex=None, packages_select_test_failures=False, packages_skip=None, packages_skip_build_finished=False, packages_skip_by_dep=None, packages_skip_regex=None, packages_skip_test_passed=False, packages_skip_up_to=None, packages_start=None, packages_up_to=None, packages_up_to_regex=None, parallel_workers=20, paths=None, symlink_install=False, test_result_base=None, verb_extension=<colcon_core.verb.build.BuildVerb object at 0x7f7bbfe739a0>, verb_name='build', verb_parser=<colcon_defaults.argument_parser.defaults.DefaultArgumentsDecorator object at 0x7f7bbfdf0d00>)
[8.789s] Level 1:colcon.colcon_core.package_discovery:discover_packages(colcon_meta) check parameters
[8.789s] Level 1:colcon.colcon_core.package_discovery:discover_packages(recursive) check parameters
[8.789s] Level 1:colcon.colcon_core.package_discovery:discover_packages(ignore) check parameters
[8.789s] Level 1:colcon.colcon_core.package_discovery:discover_packages(path) check parameters
[8.789s] Level 1:colcon.colcon_core.package_discovery:discover_packages(colcon_meta) discover
[8.789s] Level 1:colcon.colcon_core.package_discovery:discover_packages(recursive) discover
[8.790s] INFO:colcon.colcon_core.package_discovery:Crawling recursively for packages in '/home/nazrin/proj3ph2/part_2'
[8.790s] Level 1:colcon.colcon_core.package_identification:_identify(.) by extensions ['ignore', 'ignore_ament_install']
[8.790s] Level 1:colcon.colcon_core.package_identification:_identify(.) by extension 'ignore'
[8.790s] Level 1:colcon.colcon_core.package_identification:_identify(.) by extension 'ignore_ament_install'
[8.790s] Level 1:colcon.colcon_core.package_identification:_identify(.) by extensions ['colcon_pkg']
[8.790s] Level 1:colcon.colcon_core.package_identification:_identify(.) by extension 'colcon_pkg'
[8.790s] Level 1:colcon.colcon_core.package_identification:_identify(.) by extensions ['colcon_meta']
[8.790s] Level 1:colcon.colcon_core.package_identification:_identify(.) by extension 'colcon_meta'
[8.790s] Level 1:colcon.colcon_core.package_identification:_identify(.) by extensions ['ros']
[8.790s] Level 1:colcon.colcon_core.package_identification:_identify(.) by extension 'ros'
[8.802s] Level 1:colcon.colcon_core.package_identification:_identify(.) by extensions ['cmake', 'python']
[8.803s] Level 1:colcon.colcon_core.package_identification:_identify(.) by extension 'cmake'
[8.803s] Level 1:colcon.colcon_core.package_identification:_identify(.) by extension 'python'
[8.803s] Level 1:colcon.colcon_core.package_identification:_identify(.) by extensions ['python_setup_py']
[8.803s] Level 1:colcon.colcon_core.package_identification:_identify(.) by extension 'python_setup_py'
[8.803s] Level 1:colcon.colcon_core.package_identification:_identify(build) by extensions ['ignore', 'ignore_ament_install']
[8.803s] Level 1:colcon.colcon_core.package_identification:_identify(build) by extension 'ignore'
[8.803s] Level 1:colcon.colcon_core.package_identification:_identify(build) ignored
[8.803s] Level 1:colcon.colcon_core.package_identification:_identify(install) by extensions ['ignore', 'ignore_ament_install']
[8.803s] Level 1:colcon.colcon_core.package_identification:_identify(install) by extension 'ignore'
[8.803s] Level 1:colcon.colcon_core.package_identification:_identify(install) ignored
[8.804s] Level 1:colcon.colcon_core.package_identification:_identify(log) by extensions ['ignore', 'ignore_ament_install']
[8.804s] Level 1:colcon.colcon_core.package_identification:_identify(log) by extension 'ignore'
[8.804s] Level 1:colcon.colcon_core.package_identification:_identify(log) ignored
[8.804s] Level 1:colcon.colcon_core.package_identification:_identify(turtlebot3_project3) by extensions ['ignore', 'ignore_ament_install']
[8.804s] Level 1:colcon.colcon_core.package_identification:_identify(turtlebot3_project3) by extension 'ignore'
[8.804s] Level 1:colcon.colcon_core.package_identification:_identify(turtlebot3_project3) by extension 'ignore_ament_install'
[8.804s] Level 1:colcon.colcon_core.package_identification:_identify(turtlebot3_project3) by extensions ['colcon_pkg']
[8.804s] Level 1:colcon.colcon_core.package_identification:_identify(turtlebot3_project3) by extension 'colcon_pkg'
[8.804s] Level 1:colcon.colcon_core.package_identification:_identify(turtlebot3_project3) by extensions ['colcon_meta']
[8.804s] Level 1:colcon.colcon_core.package_identification:_identify(turtlebot3_project3) by extension 'colcon_meta'
[8.804s] Level 1:colcon.colcon_core.package_identification:_identify(turtlebot3_project3) by extensions ['ros']
[8.804s] Level 1:colcon.colcon_core.package_identification:_identify(turtlebot3_project3) by extension 'ros'
[8.809s] DEBUG:colcon.colcon_core.package_identification:Package 'turtlebot3_project3' with type 'ros.ament_cmake' and name 'turtlebot3_project3'
[8.809s] Level 1:colcon.colcon_core.package_discovery:discover_packages(recursive) using defaults
[8.809s] Level 1:colcon.colcon_core.package_discovery:discover_packages(ignore) discover
[8.809s] Level 1:colcon.colcon_core.package_discovery:discover_packages(ignore) using defaults
[8.809s] Level 1:colcon.colcon_core.package_discovery:discover_packages(path) discover
[8.809s] Level 1:colcon.colcon_core.package_discovery:discover_packages(path) using defaults
[9.584s] Level 1:colcon.colcon_core.package_discovery:discover_packages(prefix_path) check parameters
[9.584s] Level 1:colcon.colcon_core.package_discovery:discover_packages(prefix_path) discover
[9.797s] WARNING:colcon.colcon_ros.prefix_path.catkin:The path '/opt/ros/noetic' in the environment variable CMAKE_PREFIX_PATH doesn't exist
[9.991s] DEBUG:colcon.colcon_installed_package_information.package_discovery:Found 1 installed packages in /home/nazrin/proj3ph2/part_2/install
[10.109s] DEBUG:colcon.colcon_installed_package_information.package_discovery:Found 330 installed packages in /opt/ros/galactic
[10.113s] Level 1:colcon.colcon_core.package_discovery:discover_packages(prefix_path) using defaults
[10.507s] Level 5:colcon.colcon_core.verb:set package 'turtlebot3_project3' build argument 'cmake_args' from command line to 'None'
[10.508s] Level 5:colcon.colcon_core.verb:set package 'turtlebot3_project3' build argument 'cmake_target' from command line to 'None'
[10.508s] Level 5:colcon.colcon_core.verb:set package 'turtlebot3_project3' build argument 'cmake_target_skip_unavailable' from command line to 'False'
[10.508s] Level 5:colcon.colcon_core.verb:set package 'turtlebot3_project3' build argument 'cmake_clean_cache' from command line to 'False'
[10.508s] Level 5:colcon.colcon_core.verb:set package 'turtlebot3_project3' build argument 'cmake_clean_first' from command line to 'False'
[10.508s] Level 5:colcon.colcon_core.verb:set package 'turtlebot3_project3' build argument 'cmake_force_configure' from command line to 'False'
[10.508s] Level 5:colcon.colcon_core.verb:set package 'turtlebot3_project3' build argument 'ament_cmake_args' from command line to 'None'
[10.508s] Level 5:colcon.colcon_core.verb:set package 'turtlebot3_project3' build argument 'catkin_cmake_args' from command line to 'None'
[10.508s] Level 5:colcon.colcon_core.verb:set package 'turtlebot3_project3' build argument 'catkin_skip_building_tests' from command line to 'False'
[10.508s] DEBUG:colcon.colcon_core.verb:Building package 'turtlebot3_project3' with the following arguments: {'ament_cmake_args': None, 'build_base': '/home/nazrin/proj3ph2/part_2/build/turtlebot3_project3', 'catkin_cmake_args': None, 'catkin_skip_building_tests': False, 'cmake_args': None, 'cmake_clean_cache': False, 'cmake_clean_first': False, 'cmake_force_configure': False, 'cmake_target': None, 'cmake_target_skip_unavailable': False, 'install_base': '/home/nazrin/proj3ph2/part_2/install/turtlebot3_project3', 'merge_install': False, 'path': '/home/nazrin/proj3ph2/part_2/turtlebot3_project3', 'symlink_install': False, 'test_result_base': None}
[10.675s] INFO:colcon.colcon_core.executor:Executing jobs using 'parallel' executor
[10.860s] DEBUG:colcon.colcon_parallel_executor.executor.parallel:run_until_complete
[10.861s] INFO:colcon.colcon_ros.task.ament_cmake.build:Building ROS package in '/home/nazrin/proj3ph2/part_2/turtlebot3_project3' with build type 'ament_cmake'
[10.862s] INFO:colcon.colcon_cmake.task.cmake.build:Building CMake package in '/home/nazrin/proj3ph2/part_2/turtlebot3_project3'
[11.060s] INFO:colcon.colcon_core.plugin_system:Skipping extension 'colcon_core.shell.bat': Not used on non-Windows systems
[11.060s] INFO:colcon.colcon_core.shell:Skip shell extension 'powershell' for command environment: Not usable outside of PowerShell
[11.060s] DEBUG:colcon.colcon_core.shell:Skip shell extension 'dsv' for command environment
[11.623s] DEBUG:colcon.colcon_core.event_handler.log_command:Invoking command in '/home/nazrin/proj3ph2/part_2/build/turtlebot3_project3': CMAKE_PREFIX_PATH=${CMAKE_PREFIX_PATH}:/opt/ros/galactic WSLENV=ELECTRON_RUN_AS_NODE/w: /usr/bin/cmake --build /home/nazrin/proj3ph2/part_2/build/turtlebot3_project3 -- -j20 -l20
[11.829s] DEBUG:colcon.colcon_core.event_handler.log_command:Invoked command in '/home/nazrin/proj3ph2/part_2/build/turtlebot3_project3' returned '0': CMAKE_PREFIX_PATH=${CMAKE_PREFIX_PATH}:/opt/ros/galactic WSLENV=ELECTRON_RUN_AS_NODE/w: /usr/bin/cmake --build /home/nazrin/proj3ph2/part_2/build/turtlebot3_project3 -- -j20 -l20
[11.873s] DEBUG:colcon.colcon_core.event_handler.log_command:Invoking command in '/home/nazrin/proj3ph2/part_2/build/turtlebot3_project3': CMAKE_PREFIX_PATH=${CMAKE_PREFIX_PATH}:/opt/ros/galactic WSLENV=ELECTRON_RUN_AS_NODE/w: /usr/bin/cmake --install /home/nazrin/proj3ph2/part_2/build/turtlebot3_project3
[11.894s] Level 1:colcon.colcon_core.environment:create_environment_scripts_only(turtlebot3_project3)
[11.895s] DEBUG:colcon.colcon_core.event_handler.log_command:Invoked command in '/home/nazrin/proj3ph2/part_2/build/turtlebot3_project3' returned '0': CMAKE_PREFIX_PATH=${CMAKE_PREFIX_PATH}:/opt/ros/galactic WSLENV=ELECTRON_RUN_AS_NODE/w: /usr/bin/cmake --install /home/nazrin/proj3ph2/part_2/build/turtlebot3_project3
[12.055s] Level 1:colcon.colcon_core.environment:checking '/home/nazrin/proj3ph2/part_2/install/turtlebot3_project3' for CMake module files
[12.056s] Level 1:colcon.colcon_core.environment:checking '/home/nazrin/proj3ph2/part_2/install/turtlebot3_project3' for CMake config files
[12.057s] Level 1:colcon.colcon_core.shell:create_environment_hook('turtlebot3_project3', 'cmake_prefix_path')
[12.275s] INFO:colcon.colcon_core.shell:Creating environment hook '/home/nazrin/proj3ph2/part_2/install/turtlebot3_project3/share/turtlebot3_project3/hook/cmake_prefix_path.ps1'
[12.276s] INFO:colcon.colcon_core.shell:Creating environment descriptor '/home/nazrin/proj3ph2/part_2/install/turtlebot3_project3/share/turtlebot3_project3/hook/cmake_prefix_path.dsv'
[12.277s] INFO:colcon.colcon_core.shell:Creating environment hook '/home/nazrin/proj3ph2/part_2/install/turtlebot3_project3/share/turtlebot3_project3/hook/cmake_prefix_path.sh'
[12.278s] Level 1:colcon.colcon_core.environment:checking '/home/nazrin/proj3ph2/part_2/install/turtlebot3_project3/lib'
[12.278s] Level 1:colcon.colcon_core.environment:checking '/home/nazrin/proj3ph2/part_2/install/turtlebot3_project3/bin'
[12.278s] Level 1:colcon.colcon_core.environment:checking '/home/nazrin/proj3ph2/part_2/install/turtlebot3_project3/lib/pkgconfig/turtlebot3_project3.pc'
[12.278s] Level 1:colcon.colcon_core.environment:checking '/home/nazrin/proj3ph2/part_2/install/turtlebot3_project3/lib/python3.8/site-packages'
[12.278s] Level 1:colcon.colcon_core.environment:checking '/home/nazrin/proj3ph2/part_2/install/turtlebot3_project3/bin'
[12.395s] INFO:colcon.colcon_core.shell:Creating package script '/home/nazrin/proj3ph2/part_2/install/turtlebot3_project3/share/turtlebot3_project3/package.ps1'
[12.398s] INFO:colcon.colcon_core.shell:Creating package descriptor '/home/nazrin/proj3ph2/part_2/install/turtlebot3_project3/share/turtlebot3_project3/package.dsv'
[12.406s] INFO:colcon.colcon_core.shell:Creating package script '/home/nazrin/proj3ph2/part_2/install/turtlebot3_project3/share/turtlebot3_project3/package.sh'
[12.409s] INFO:colcon.colcon_core.shell:Creating package script '/home/nazrin/proj3ph2/part_2/install/turtlebot3_project3/share/turtlebot3_project3/package.bash'
[12.412s] INFO:colcon.colcon_core.shell:Creating package script '/home/nazrin/proj3ph2/part_2/install/turtlebot3_project3/share/turtlebot3_project3/package.zsh'
[12.414s] Level 1:colcon.colcon_core.environment:create_file_with_runtime_dependencies(/home/nazrin/proj3ph2/part_2/install/turtlebot3_project3/share/colcon-core/packages/turtlebot3_project3)
[12.702s] Level 1:colcon.colcon_core.environment:create_environment_scripts_only(turtlebot3_project3)
[12.934s] Level 1:colcon.colcon_core.environment:checking '/home/nazrin/proj3ph2/part_2/install/turtlebot3_project3' for CMake module files
[12.935s] Level 1:colcon.colcon_core.environment:checking '/home/nazrin/proj3ph2/part_2/install/turtlebot3_project3' for CMake config files
[12.935s] Level 1:colcon.colcon_core.shell:create_environment_hook('turtlebot3_project3', 'cmake_prefix_path')
[13.156s] INFO:colcon.colcon_core.shell:Creating environment hook '/home/nazrin/proj3ph2/part_2/install/turtlebot3_project3/share/turtlebot3_project3/hook/cmake_prefix_path.ps1'
[13.157s] INFO:colcon.colcon_core.shell:Creating environment descriptor '/home/nazrin/proj3ph2/part_2/install/turtlebot3_project3/share/turtlebot3_project3/hook/cmake_prefix_path.dsv'
[13.158s] INFO:colcon.colcon_core.shell:Creating environment hook '/home/nazrin/proj3ph2/part_2/install/turtlebot3_project3/share/turtlebot3_project3/hook/cmake_prefix_path.sh'
[13.160s] Level 1:colcon.colcon_core.environment:checking '/home/nazrin/proj3ph2/part_2/install/turtlebot3_project3/lib'
[13.160s] Level 1:colcon.colcon_core.environment:checking '/home/nazrin/proj3ph2/part_2/install/turtlebot3_project3/bin'
[13.160s] Level 1:colcon.colcon_core.environment:checking '/home/nazrin/proj3ph2/part_2/install/turtlebot3_project3/lib/pkgconfig/turtlebot3_project3.pc'
[13.161s] Level 1:colcon.colcon_core.environment:checking '/home/nazrin/proj3ph2/part_2/install/turtlebot3_project3/lib/python3.8/site-packages'
[13.161s] Level 1:colcon.colcon_core.environment:checking '/home/nazrin/proj3ph2/part_2/install/turtlebot3_project3/bin'
[13.294s] INFO:colcon.colcon_core.shell:Creating package script '/home/nazrin/proj3ph2/part_2/install/turtlebot3_project3/share/turtlebot3_project3/package.ps1'
[13.295s] INFO:colcon.colcon_core.shell:Creating package descriptor '/home/nazrin/proj3ph2/part_2/install/turtlebot3_project3/share/turtlebot3_project3/package.dsv'
[13.296s] INFO:colcon.colcon_core.shell:Creating package script '/home/nazrin/proj3ph2/part_2/install/turtlebot3_project3/share/turtlebot3_project3/package.sh'
[13.296s] INFO:colcon.colcon_core.shell:Creating package script '/home/nazrin/proj3ph2/part_2/install/turtlebot3_project3/share/turtlebot3_project3/package.bash'
[13.296s] INFO:colcon.colcon_core.shell:Creating package script '/home/nazrin/proj3ph2/part_2/install/turtlebot3_project3/share/turtlebot3_project3/package.zsh'
[13.297s] Level 1:colcon.colcon_core.environment:create_file_with_runtime_dependencies(/home/nazrin/proj3ph2/part_2/install/turtlebot3_project3/share/colcon-core/packages/turtlebot3_project3)
[13.297s] DEBUG:colcon.colcon_parallel_executor.executor.parallel:closing loop
[13.298s] DEBUG:colcon.colcon_parallel_executor.executor.parallel:loop closed
[13.298s] DEBUG:colcon.colcon_parallel_executor.executor.parallel:run_until_complete finished with '0'
[13.298s] DEBUG:colcon.colcon_core.event_reactor:joining thread
[13.543s] INFO:colcon.colcon_core.plugin_system:Skipping extension 'colcon_notification.desktop_notification.notify_send': Could not find 'notify-send'
[13.543s] INFO:colcon.colcon_core.plugin_system:Skipping extension 'colcon_notification.desktop_notification.terminal_notifier': Not used on non-Darwin systems
[13.544s] INFO:colcon.colcon_core.plugin_system:Skipping extension 'colcon_notification.desktop_notification.win32': Not used on non-Windows systems
[13.544s] INFO:colcon.colcon_notification.desktop_notification:Sending desktop notification using 'notify2'
[13.549s] DEBUG:colcon.colcon_notification.desktop_notification.notify2:Failed to initialize notify2: org.freedesktop.DBus.Error.ServiceUnknown: The name org.freedesktop.Notifications was not provided by any .service files
[13.550s] DEBUG:colcon.colcon_core.event_reactor:joined thread
[13.788s] INFO:colcon.colcon_core.shell:Creating prefix script '/home/nazrin/proj3ph2/part_2/install/local_setup.ps1'
[13.790s] INFO:colcon.colcon_core.shell:Creating prefix util module '/home/nazrin/proj3ph2/part_2/install/_local_setup_util_ps1.py'
[13.791s] INFO:colcon.colcon_core.shell:Creating prefix chain script '/home/nazrin/proj3ph2/part_2/install/setup.ps1'
[14.029s] INFO:colcon.colcon_core.shell:Creating prefix script '/home/nazrin/proj3ph2/part_2/install/local_setup.sh'
[14.031s] INFO:colcon.colcon_core.shell:Creating prefix util module '/home/nazrin/proj3ph2/part_2/install/_local_setup_util_sh.py'
[14.032s] INFO:colcon.colcon_core.shell:Creating prefix chain script '/home/nazrin/proj3ph2/part_2/install/setup.sh'
[14.191s] INFO:colcon.colcon_core.shell:Creating prefix script '/home/nazrin/proj3ph2/part_2/install/local_setup.bash'
[14.192s] INFO:colcon.colcon_core.shell:Creating prefix chain script '/home/nazrin/proj3ph2/part_2/install/setup.bash'
[14.308s] INFO:colcon.colcon_core.shell:Creating prefix script '/home/nazrin/proj3ph2/part_2/install/local_setup.zsh'
[14.309s] INFO:colcon.colcon_core.shell:Creating prefix chain script '/home/nazrin/proj3ph2/part_2/install/setup.zsh'
