[3.848s] DEBUG:colcon:Command line arguments: ['/usr/bin/colcon', 'build', '--packages-select', 'turtlebot3_project3']
[3.848s] DEBUG:colcon:Parsed command line arguments: Namespace(allow_overriding=[], ament_cmake_args=None, base_paths=['.'], build_base='build', catkin_cmake_args=None, catkin_skip_building_tests=False, cmake_args=None, cmake_clean_cache=False, cmake_clean_first=False, cmake_force_configure=False, cmake_target=None, cmake_target_skip_unavailable=False, continue_on_error=False, event_handlers=None, executor='parallel', ignore_user_meta=False, install_base='install', log_base=None, log_level=None, main=<bound method BuildVerb.main of <colcon_core.verb.build.BuildVerb object at 0x7f44ee345190>>, merge_install=False, metas=['./colcon.meta'], packages_above=None, packages_above_and_dependencies=None, packages_above_depth=None, packages_end=None, packages_ignore=None, packages_ignore_regex=None, packages_select=['turtlebot3_project3'], packages_select_build_failed=False, packages_select_by_dep=None, packages_select_regex=None, packages_select_test_failures=False, packages_skip=None, packages_skip_build_finished=False, packages_skip_by_dep=None, packages_skip_regex=None, packages_skip_test_passed=False, packages_skip_up_to=None, packages_start=None, packages_up_to=None, packages_up_to_regex=None, parallel_workers=20, paths=None, symlink_install=False, test_result_base=None, verb_extension=<colcon_core.verb.build.BuildVerb object at 0x7f44ee345190>, verb_name='build', verb_parser=<colcon_defaults.argument_parser.defaults.DefaultArgumentsDecorator object at 0x7f44ee1d2820>)
[4.004s] Level 1:colcon.colcon_core.package_discovery:discover_packages(colcon_meta) check parameters
[4.005s] Level 1:colcon.colcon_core.package_discovery:discover_packages(recursive) check parameters
[4.005s] Level 1:colcon.colcon_core.package_discovery:discover_packages(ignore) check parameters
[4.005s] Level 1:colcon.colcon_core.package_discovery:discover_packages(path) check parameters
[4.005s] Level 1:colcon.colcon_core.package_discovery:discover_packages(colcon_meta) discover
[4.005s] Level 1:colcon.colcon_core.package_discovery:discover_packages(recursive) discover
[4.005s] INFO:colcon.colcon_core.package_discovery:Crawling recursively for packages in '/home/nazrin/proj3ph2/part_2'
[4.005s] Level 1:colcon.colcon_core.package_identification:_identify(.) by extensions ['ignore', 'ignore_ament_install']
[4.005s] Level 1:colcon.colcon_core.package_identification:_identify(.) by extension 'ignore'
[4.005s] Level 1:colcon.colcon_core.package_identification:_identify(.) by extension 'ignore_ament_install'
[4.005s] Level 1:colcon.colcon_core.package_identification:_identify(.) by extensions ['colcon_pkg']
[4.005s] Level 1:colcon.colcon_core.package_identification:_identify(.) by extension 'colcon_pkg'
[4.005s] Level 1:colcon.colcon_core.package_identification:_identify(.) by extensions ['colcon_meta']
[4.005s] Level 1:colcon.colcon_core.package_identification:_identify(.) by extension 'colcon_meta'
[4.005s] Level 1:colcon.colcon_core.package_identification:_identify(.) by extensions ['ros']
[4.005s] Level 1:colcon.colcon_core.package_identification:_identify(.) by extension 'ros'
[4.013s] Level 1:colcon.colcon_core.package_identification:_identify(.) by extensions ['cmake', 'python']
[4.013s] Level 1:colcon.colcon_core.package_identification:_identify(.) by extension 'cmake'
[4.013s] Level 1:colcon.colcon_core.package_identification:_identify(.) by extension 'python'
[4.014s] Level 1:colcon.colcon_core.package_identification:_identify(.) by extensions ['python_setup_py']
[4.014s] Level 1:colcon.colcon_core.package_identification:_identify(.) by extension 'python_setup_py'
[4.014s] Level 1:colcon.colcon_core.package_identification:_identify(build) by extensions ['ignore', 'ignore_ament_install']
[4.014s] Level 1:colcon.colcon_core.package_identification:_identify(build) by extension 'ignore'
[4.014s] Level 1:colcon.colcon_core.package_identification:_identify(build) ignored
[4.014s] Level 1:colcon.colcon_core.package_identification:_identify(install) by extensions ['ignore', 'ignore_ament_install']
[4.014s] Level 1:colcon.colcon_core.package_identification:_identify(install) by extension 'ignore'
[4.014s] Level 1:colcon.colcon_core.package_identification:_identify(install) ignored
[4.014s] Level 1:colcon.colcon_core.package_identification:_identify(log) by extensions ['ignore', 'ignore_ament_install']
[4.014s] Level 1:colcon.colcon_core.package_identification:_identify(log) by extension 'ignore'
[4.014s] Level 1:colcon.colcon_core.package_identification:_identify(log) ignored
[4.014s] Level 1:colcon.colcon_core.package_identification:_identify(turtlebot3_project3) by extensions ['ignore', 'ignore_ament_install']
[4.014s] Level 1:colcon.colcon_core.package_identification:_identify(turtlebot3_project3) by extension 'ignore'
[4.014s] Level 1:colcon.colcon_core.package_identification:_identify(turtlebot3_project3) by extension 'ignore_ament_install'
[4.015s] Level 1:colcon.colcon_core.package_identification:_identify(turtlebot3_project3) by extensions ['colcon_pkg']
[4.015s] Level 1:colcon.colcon_core.package_identification:_identify(turtlebot3_project3) by extension 'colcon_pkg'
[4.015s] Level 1:colcon.colcon_core.package_identification:_identify(turtlebot3_project3) by extensions ['colcon_meta']
[4.015s] Level 1:colcon.colcon_core.package_identification:_identify(turtlebot3_project3) by extension 'colcon_meta'
[4.015s] Level 1:colcon.colcon_core.package_identification:_identify(turtlebot3_project3) by extensions ['ros']
[4.015s] Level 1:colcon.colcon_core.package_identification:_identify(turtlebot3_project3) by extension 'ros'
[4.017s] DEBUG:colcon.colcon_core.package_identification:Package 'turtlebot3_project3' with type 'ros.ament_cmake' and name 'turtlebot3_project3'
[4.017s] Level 1:colcon.colcon_core.package_discovery:discover_packages(recursive) using defaults
[4.017s] Level 1:colcon.colcon_core.package_discovery:discover_packages(ignore) discover
[4.018s] Level 1:colcon.colcon_core.package_discovery:discover_packages(ignore) using defaults
[4.018s] Level 1:colcon.colcon_core.package_discovery:discover_packages(path) discover
[4.018s] Level 1:colcon.colcon_core.package_discovery:discover_packages(path) using defaults
[4.360s] Level 1:colcon.colcon_core.package_discovery:discover_packages(prefix_path) check parameters
[4.360s] Level 1:colcon.colcon_core.package_discovery:discover_packages(prefix_path) discover
[4.446s] WARNING:colcon.colcon_ros.prefix_path.catkin:The path '/opt/ros/noetic' in the environment variable CMAKE_PREFIX_PATH doesn't exist
[4.535s] DEBUG:colcon.colcon_installed_package_information.package_discovery:Found 1 installed packages in /home/nazrin/proj3ph2/part_2/install
[4.601s] DEBUG:colcon.colcon_installed_package_information.package_discovery:Found 330 installed packages in /opt/ros/galactic
[4.603s] Level 1:colcon.colcon_core.package_discovery:discover_packages(prefix_path) using defaults
[4.800s] Level 5:colcon.colcon_core.verb:set package 'turtlebot3_project3' build argument 'cmake_args' from command line to 'None'
[4.800s] Level 5:colcon.colcon_core.verb:set package 'turtlebot3_project3' build argument 'cmake_target' from command line to 'None'
[4.800s] Level 5:colcon.colcon_core.verb:set package 'turtlebot3_project3' build argument 'cmake_target_skip_unavailable' from command line to 'False'
[4.800s] Level 5:colcon.colcon_core.verb:set package 'turtlebot3_project3' build argument 'cmake_clean_cache' from command line to 'False'
[4.800s] Level 5:colcon.colcon_core.verb:set package 'turtlebot3_project3' build argument 'cmake_clean_first' from command line to 'False'
[4.800s] Level 5:colcon.colcon_core.verb:set package 'turtlebot3_project3' build argument 'cmake_force_configure' from command line to 'False'
[4.800s] Level 5:colcon.colcon_core.verb:set package 'turtlebot3_project3' build argument 'ament_cmake_args' from command line to 'None'
[4.800s] Level 5:colcon.colcon_core.verb:set package 'turtlebot3_project3' build argument 'catkin_cmake_args' from command line to 'None'
[4.800s] Level 5:colcon.colcon_core.verb:set package 'turtlebot3_project3' build argument 'catkin_skip_building_tests' from command line to 'False'
[4.800s] DEBUG:colcon.colcon_core.verb:Building package 'turtlebot3_project3' with the following arguments: {'ament_cmake_args': None, 'build_base': '/home/nazrin/proj3ph2/part_2/build/turtlebot3_project3', 'catkin_cmake_args': None, 'catkin_skip_building_tests': False, 'cmake_args': None, 'cmake_clean_cache': False, 'cmake_clean_first': False, 'cmake_force_configure': False, 'cmake_target': None, 'cmake_target_skip_unavailable': False, 'install_base': '/home/nazrin/proj3ph2/part_2/install/turtlebot3_project3', 'merge_install': False, 'path': '/home/nazrin/proj3ph2/part_2/turtlebot3_project3', 'symlink_install': False, 'test_result_base': None}
[4.869s] INFO:colcon.colcon_core.executor:Executing jobs using 'parallel' executor
[4.937s] DEBUG:colcon.colcon_parallel_executor.executor.parallel:run_until_complete
[4.937s] INFO:colcon.colcon_ros.task.ament_cmake.build:Building ROS package in '/home/nazrin/proj3ph2/part_2/turtlebot3_project3' with build type 'ament_cmake'
[4.937s] INFO:colcon.colcon_cmake.task.cmake.build:Building CMake package in '/home/nazrin/proj3ph2/part_2/turtlebot3_project3'
[5.012s] INFO:colcon.colcon_core.plugin_system:Skipping extension 'colcon_core.shell.bat': Not used on non-Windows systems
[5.012s] INFO:colcon.colcon_core.shell:Skip shell extension 'powershell' for command environment: Not usable outside of PowerShell
[5.012s] DEBUG:colcon.colcon_core.shell:Skip shell extension 'dsv' for command environment
[5.259s] DEBUG:colcon.colcon_core.event_handler.log_command:Invoking command in '/home/nazrin/proj3ph2/part_2/build/turtlebot3_project3': CMAKE_PREFIX_PATH=${CMAKE_PREFIX_PATH}:/opt/ros/galactic WSLENV=ELECTRON_RUN_AS_NODE/w: /usr/bin/cmake --build /home/nazrin/proj3ph2/part_2/build/turtlebot3_project3 -- -j20 -l20
[5.319s] DEBUG:colcon.colcon_core.event_handler.log_command:Invoked command in '/home/nazrin/proj3ph2/part_2/build/turtlebot3_project3' returned '0': CMAKE_PREFIX_PATH=${CMAKE_PREFIX_PATH}:/opt/ros/galactic WSLENV=ELECTRON_RUN_AS_NODE/w: /usr/bin/cmake --build /home/nazrin/proj3ph2/part_2/build/turtlebot3_project3 -- -j20 -l20
[5.351s] DEBUG:colcon.colcon_core.event_handler.log_command:Invoking command in '/home/nazrin/proj3ph2/part_2/build/turtlebot3_project3': CMAKE_PREFIX_PATH=${CMAKE_PREFIX_PATH}:/opt/ros/galactic WSLENV=ELECTRON_RUN_AS_NODE/w: /usr/bin/cmake --install /home/nazrin/proj3ph2/part_2/build/turtlebot3_project3
[5.360s] Level 1:colcon.colcon_core.environment:create_environment_scripts_only(turtlebot3_project3)
[5.361s] DEBUG:colcon.colcon_core.event_handler.log_command:Invoked command in '/home/nazrin/proj3ph2/part_2/build/turtlebot3_project3' returned '0': CMAKE_PREFIX_PATH=${CMAKE_PREFIX_PATH}:/opt/ros/galactic WSLENV=ELECTRON_RUN_AS_NODE/w: /usr/bin/cmake --install /home/nazrin/proj3ph2/part_2/build/turtlebot3_project3
[5.430s] Level 1:colcon.colcon_core.environment:checking '/home/nazrin/proj3ph2/part_2/install/turtlebot3_project3' for CMake module files
[5.431s] Level 1:colcon.colcon_core.environment:checking '/home/nazrin/proj3ph2/part_2/install/turtlebot3_project3' for CMake config files
[5.431s] Level 1:colcon.colcon_core.shell:create_environment_hook('turtlebot3_project3', 'cmake_prefix_path')
[5.504s] INFO:colcon.colcon_core.shell:Creating environment hook '/home/nazrin/proj3ph2/part_2/install/turtlebot3_project3/share/turtlebot3_project3/hook/cmake_prefix_path.ps1'
[5.506s] INFO:colcon.colcon_core.shell:Creating environment descriptor '/home/nazrin/proj3ph2/part_2/install/turtlebot3_project3/share/turtlebot3_project3/hook/cmake_prefix_path.dsv'
[5.506s] INFO:colcon.colcon_core.shell:Creating environment hook '/home/nazrin/proj3ph2/part_2/install/turtlebot3_project3/share/turtlebot3_project3/hook/cmake_prefix_path.sh'
[5.507s] Level 1:colcon.colcon_core.environment:checking '/home/nazrin/proj3ph2/part_2/install/turtlebot3_project3/lib'
[5.507s] Level 1:colcon.colcon_core.environment:checking '/home/nazrin/proj3ph2/part_2/install/turtlebot3_project3/bin'
[5.507s] Level 1:colcon.colcon_core.environment:checking '/home/nazrin/proj3ph2/part_2/install/turtlebot3_project3/lib/pkgconfig/turtlebot3_project3.pc'
[5.507s] Level 1:colcon.colcon_core.environment:checking '/home/nazrin/proj3ph2/part_2/install/turtlebot3_project3/lib/python3.8/site-packages'
[5.508s] Level 1:colcon.colcon_core.environment:checking '/home/nazrin/proj3ph2/part_2/install/turtlebot3_project3/bin'
[5.580s] INFO:colcon.colcon_core.shell:Creating package script '/home/nazrin/proj3ph2/part_2/install/turtlebot3_project3/share/turtlebot3_project3/package.ps1'
[5.581s] INFO:colcon.colcon_core.shell:Creating package descriptor '/home/nazrin/proj3ph2/part_2/install/turtlebot3_project3/share/turtlebot3_project3/package.dsv'
[5.582s] INFO:colcon.colcon_core.shell:Creating package script '/home/nazrin/proj3ph2/part_2/install/turtlebot3_project3/share/turtlebot3_project3/package.sh'
[5.582s] INFO:colcon.colcon_core.shell:Creating package script '/home/nazrin/proj3ph2/part_2/install/turtlebot3_project3/share/turtlebot3_project3/package.bash'
[5.584s] INFO:colcon.colcon_core.shell:Creating package script '/home/nazrin/proj3ph2/part_2/install/turtlebot3_project3/share/turtlebot3_project3/package.zsh'
[5.585s] Level 1:colcon.colcon_core.environment:create_file_with_runtime_dependencies(/home/nazrin/proj3ph2/part_2/install/turtlebot3_project3/share/colcon-core/packages/turtlebot3_project3)
[5.689s] Level 1:colcon.colcon_core.environment:create_environment_scripts_only(turtlebot3_project3)
[5.758s] Level 1:colcon.colcon_core.environment:checking '/home/nazrin/proj3ph2/part_2/install/turtlebot3_project3' for CMake module files
[5.758s] Level 1:colcon.colcon_core.environment:checking '/home/nazrin/proj3ph2/part_2/install/turtlebot3_project3' for CMake config files
[5.759s] Level 1:colcon.colcon_core.shell:create_environment_hook('turtlebot3_project3', 'cmake_prefix_path')
[5.828s] INFO:colcon.colcon_core.shell:Creating environment hook '/home/nazrin/proj3ph2/part_2/install/turtlebot3_project3/share/turtlebot3_project3/hook/cmake_prefix_path.ps1'
[5.829s] INFO:colcon.colcon_core.shell:Creating environment descriptor '/home/nazrin/proj3ph2/part_2/install/turtlebot3_project3/share/turtlebot3_project3/hook/cmake_prefix_path.dsv'
[5.829s] INFO:colcon.colcon_core.shell:Creating environment hook '/home/nazrin/proj3ph2/part_2/install/turtlebot3_project3/share/turtlebot3_project3/hook/cmake_prefix_path.sh'
[5.830s] Level 1:colcon.colcon_core.environment:checking '/home/nazrin/proj3ph2/part_2/install/turtlebot3_project3/lib'
[5.830s] Level 1:colcon.colcon_core.environment:checking '/home/nazrin/proj3ph2/part_2/install/turtlebot3_project3/bin'
[5.830s] Level 1:colcon.colcon_core.environment:checking '/home/nazrin/proj3ph2/part_2/install/turtlebot3_project3/lib/pkgconfig/turtlebot3_project3.pc'
[5.830s] Level 1:colcon.colcon_core.environment:checking '/home/nazrin/proj3ph2/part_2/install/turtlebot3_project3/lib/python3.8/site-packages'
[5.830s] Level 1:colcon.colcon_core.environment:checking '/home/nazrin/proj3ph2/part_2/install/turtlebot3_project3/bin'
[5.905s] INFO:colcon.colcon_core.shell:Creating package script '/home/nazrin/proj3ph2/part_2/install/turtlebot3_project3/share/turtlebot3_project3/package.ps1'
[5.905s] INFO:colcon.colcon_core.shell:Creating package descriptor '/home/nazrin/proj3ph2/part_2/install/turtlebot3_project3/share/turtlebot3_project3/package.dsv'
[5.906s] INFO:colcon.colcon_core.shell:Creating package script '/home/nazrin/proj3ph2/part_2/install/turtlebot3_project3/share/turtlebot3_project3/package.sh'
[5.906s] INFO:colcon.colcon_core.shell:Creating package script '/home/nazrin/proj3ph2/part_2/install/turtlebot3_project3/share/turtlebot3_project3/package.bash'
[5.906s] INFO:colcon.colcon_core.shell:Creating package script '/home/nazrin/proj3ph2/part_2/install/turtlebot3_project3/share/turtlebot3_project3/package.zsh'
[5.906s] Level 1:colcon.colcon_core.environment:create_file_with_runtime_dependencies(/home/nazrin/proj3ph2/part_2/install/turtlebot3_project3/share/colcon-core/packages/turtlebot3_project3)
[5.907s] DEBUG:colcon.colcon_parallel_executor.executor.parallel:closing loop
[5.908s] DEBUG:colcon.colcon_parallel_executor.executor.parallel:loop closed
[5.908s] DEBUG:colcon.colcon_parallel_executor.executor.parallel:run_until_complete finished with '0'
[5.908s] DEBUG:colcon.colcon_core.event_reactor:joining thread
[6.012s] INFO:colcon.colcon_core.plugin_system:Skipping extension 'colcon_notification.desktop_notification.notify_send': Could not find 'notify-send'
[6.013s] INFO:colcon.colcon_core.plugin_system:Skipping extension 'colcon_notification.desktop_notification.terminal_notifier': Not used on non-Darwin systems
[6.013s] INFO:colcon.colcon_core.plugin_system:Skipping extension 'colcon_notification.desktop_notification.win32': Not used on non-Windows systems
[6.013s] INFO:colcon.colcon_notification.desktop_notification:Sending desktop notification using 'notify2'
[6.014s] DEBUG:colcon.colcon_notification.desktop_notification.notify2:Failed to initialize notify2: org.freedesktop.DBus.Error.ServiceUnknown: The name org.freedesktop.Notifications was not provided by any .service files
[6.014s] DEBUG:colcon.colcon_core.event_reactor:joined thread
[6.079s] INFO:colcon.colcon_core.shell:Creating prefix script '/home/nazrin/proj3ph2/part_2/install/local_setup.ps1'
[6.080s] INFO:colcon.colcon_core.shell:Creating prefix util module '/home/nazrin/proj3ph2/part_2/install/_local_setup_util_ps1.py'
[6.082s] INFO:colcon.colcon_core.shell:Creating prefix chain script '/home/nazrin/proj3ph2/part_2/install/setup.ps1'
[6.153s] INFO:colcon.colcon_core.shell:Creating prefix script '/home/nazrin/proj3ph2/part_2/install/local_setup.sh'
[6.153s] INFO:colcon.colcon_core.shell:Creating prefix util module '/home/nazrin/proj3ph2/part_2/install/_local_setup_util_sh.py'
[6.154s] INFO:colcon.colcon_core.shell:Creating prefix chain script '/home/nazrin/proj3ph2/part_2/install/setup.sh'
[6.221s] INFO:colcon.colcon_core.shell:Creating prefix script '/home/nazrin/proj3ph2/part_2/install/local_setup.bash'
[6.222s] INFO:colcon.colcon_core.shell:Creating prefix chain script '/home/nazrin/proj3ph2/part_2/install/setup.bash'
[6.290s] INFO:colcon.colcon_core.shell:Creating prefix script '/home/nazrin/proj3ph2/part_2/install/local_setup.zsh'
[6.291s] INFO:colcon.colcon_core.shell:Creating prefix chain script '/home/nazrin/proj3ph2/part_2/install/setup.zsh'
